nohup: ignoring input
wandb: Currently logged in as: mahdikhashan1 (nano-apps) to https://api.wandb.ai. Use `wandb login --relogin` to force relogin
/usr/local/lib/python3.11/dist-packages/wandb/analytics/sentry.py:259: DeprecationWarning: The `Scope.user` setter is deprecated in favor of `Scope.set_user()`.
  self.scope.user = {"email": email}  # noqa
/usr/local/lib/python3.11/dist-packages/wandb/analytics/sentry.py:259: DeprecationWarning: The `Scope.user` setter is deprecated in favor of `Scope.set_user()`.
  self.scope.user = {"email": email}  # noqa
wandb: Tracking run with wandb version 0.19.11
wandb: Run data is saved locally in /root/user/doom-drl/wandb/run-20250609_103020-1ibc89ay
wandb: Run `wandb offline` to turn off syncing.
wandb: Syncing run glowing-resonance-26
wandb: ⭐️ View project at https://wandb.ai/nano-apps/doom-rl
wandb: 🚀 View run at https://wandb.ai/nano-apps/doom-rl/runs/1ibc89ay
Host 42003
Player 42003
Ep 001: return  -13.0  |  ε 1.000
Ep 002: return  -11.6  |  ε 0.999
Ep 003: return   -8.4  |  ε 0.999
Ep 004: return  -34.8  |  ε 0.998
Ep 005: return  941.8  |  ε 0.998
Ep 006: return  -22.3  |  ε 0.997
Ep 007: return   -1.1  |  ε 0.997
Ep 008: return  -23.1  |  ε 0.996
Ep 009: return  -19.2  |  ε 0.996
Ep 010: return  -16.7  |  ε 0.995
Ep 011: return  923.3  |  ε 0.995
Ep 012: return  907.3  |  ε 0.994
Ep 013: return   -3.7  |  ε 0.994
Ep 014: return  -51.7  |  ε 0.993
Ep 015: return  -11.0  |  ε 0.993
Ep 016: return 1895.4  |  ε 0.992
Ep 017: return 1901.6  |  ε 0.992
Ep 018: return  947.1  |  ε 0.991
Ep 019: return  -14.7  |  ε 0.991
Ep 020: return  907.5  |  ε 0.990
Ep 021: return  929.3  |  ε 0.990
Ep 022: return   -1.1  |  ε 0.989
Ep 023: return  -11.4  |  ε 0.989
Ep 024: return  -33.3  |  ε 0.988
Ep 025: return  947.3  |  ε 0.988
Ep 026: return  -13.5  |  ε 0.987
Ep 027: return  911.7  |  ε 0.987
Ep 028: return  -36.0  |  ε 0.986
Ep 029: return  -13.4  |  ε 0.986
Ep 030: return  -14.5  |  ε 0.985
Ep 031: return  -16.9  |  ε 0.985
Ep 032: return  913.4  |  ε 0.984
Ep 033: return   -5.8  |  ε 0.984
Ep 034: return  928.9  |  ε 0.983
Ep 035: return  947.1  |  ε 0.983
Ep 036: return   -7.4  |  ε 0.982
Ep 037: return  -16.4  |  ε 0.982
Ep 038: return  -19.9  |  ε 0.981
Ep 039: return 1932.0  |  ε 0.981
Ep 040: return  -31.2  |  ε 0.980
Ep 041: return   -8.8  |  ε 0.980
Ep 042: return  -44.8  |  ε 0.979
Ep 043: return  -14.5  |  ε 0.979
Ep 044: return 1933.6  |  ε 0.978
Ep 045: return   -4.7  |  ε 0.978
Ep 046: return  -30.1  |  ε 0.977
Ep 047: return  945.5  |  ε 0.977
Ep 048: return  -39.1  |  ε 0.976
Ep 049: return  -21.7  |  ε 0.976
Ep 050: return  -18.9  |  ε 0.975
Ep 051: return  946.8  |  ε 0.975
Ep 052: return  -37.0  |  ε 0.974
Ep 053: return  -38.4  |  ε 0.974
Ep 054: return  -30.2  |  ε 0.973
Ep 055: return  -23.0  |  ε 0.973
Ep 056: return   -5.8  |  ε 0.972
Ep 057: return  -49.5  |  ε 0.972
Ep 058: return  -30.8  |  ε 0.971
Ep 059: return   -4.7  |  ε 0.971
Ep 060: return  920.6  |  ε 0.970
Ep 061: return  -42.3  |  ε 0.970
Ep 062: return   -1.1  |  ε 0.969
Ep 063: return  -17.1  |  ε 0.969
Ep 064: return   -3.3  |  ε 0.968
Ep 065: return  -11.0  |  ε 0.968
Ep 066: return   -3.7  |  ε 0.968
Ep 067: return  -19.2  |  ε 0.967
Ep 068: return   -9.4  |  ε 0.967
Ep 069: return  944.8  |  ε 0.966
Ep 070: return  -15.6  |  ε 0.966
Ep 071: return   -8.3  |  ε 0.965
Ep 072: return  -41.0  |  ε 0.965
Ep 073: return  -49.5  |  ε 0.964
Ep 074: return  -49.3  |  ε 0.964
Ep 075: return  -26.6  |  ε 0.963
Ep 076: return  -44.9  |  ε 0.963
Ep 077: return  -39.5  |  ε 0.962
Ep 078: return  947.9  |  ε 0.962
Ep 079: return  -17.2  |  ε 0.961
Ep 080: return  947.7  |  ε 0.961
Ep 081: return   -7.3  |  ε 0.960
Ep 082: return   -1.1  |  ε 0.960
Ep 083: return  941.6  |  ε 0.959
Ep 084: return   -4.8  |  ε 0.959
Ep 085: return  -30.2  |  ε 0.958
Ep 086: return   -3.6  |  ε 0.958
Ep 087: return  -37.5  |  ε 0.957
Ep 088: return  947.6  |  ε 0.957
Ep 089: return  -14.6  |  ε 0.956
Ep 090: return   -9.9  |  ε 0.956
Ep 091: return   -4.8  |  ε 0.956
Ep 092: return   -8.4  |  ε 0.955
Ep 093: return   -5.2  |  ε 0.955
Ep 094: return  -30.5  |  ε 0.954
Ep 095: return  -20.8  |  ε 0.954
Ep 096: return   -9.5  |  ε 0.953
Ep 097: return  -44.5  |  ε 0.953
Ep 098: return  -17.3  |  ε 0.952
Ep 099: return   -8.4  |  ε 0.952
Ep 100: return  912.2  |  ε 0.951
--- Logged checkpoint to W&B at episode 100 ---
Ep 101: return  -36.4  |  ε 0.951
Ep 102: return  -27.0  |  ε 0.950
Ep 103: return  -15.0  |  ε 0.950
Ep 104: return  -10.9  |  ε 0.949
Ep 105: return  -20.3  |  ε 0.949
Ep 106: return  948.0  |  ε 0.948
Ep 107: return  -20.3  |  ε 0.948
Ep 108: return  947.8  |  ε 0.947
Traceback (most recent call last):
  File "/root/user/doom-drl/doom.py", line 364, in <module>
    next_obs, rwd_raw, done, _ = env.step(act)
                                 ^^^^^^^^^^^^^
  File "/root/user/doom-drl/doom_arena/doom_env.py", line 484, in step
    obs, vizdoom_rwds, dones, info = self.env.step(actions)
                                     ^^^^^^^^^^^^^^^^^^^^^^
  File "/root/user/doom-drl/doom_arena/doom_env.py", line 198, in step
    rwd = self.game.make_action(action, tics=self.frame_skip)
          ^^^^^^^^^^^^^^^^^^^^^^^^^^^^^^^^^^^^^^^^^^^^^^^^^^^
vizdoom.vizdoom.SignalException: Signal SIGINT received. ViZDoom instance has been closed.
[1;34mwandb[0m: 
[1;34mwandb[0m: 🚀 View run [33mglowing-resonance-26[0m at: [34mhttps://wandb.ai/nano-apps/doom-rl/runs/1ibc89ay[0m
[1;34mwandb[0m: Find logs at: [1;35mwandb/run-20250609_103020-1ibc89ay/logs[0m
