nohup: ignoring input
wandb: Currently logged in as: mahdikhashan1 (nano-apps) to https://api.wandb.ai. Use `wandb login --relogin` to force relogin
/usr/local/lib/python3.11/dist-packages/wandb/analytics/sentry.py:259: DeprecationWarning: The `Scope.user` setter is deprecated in favor of `Scope.set_user()`.
  self.scope.user = {"email": email}  # noqa
/usr/local/lib/python3.11/dist-packages/wandb/analytics/sentry.py:259: DeprecationWarning: The `Scope.user` setter is deprecated in favor of `Scope.set_user()`.
  self.scope.user = {"email": email}  # noqa
wandb: Tracking run with wandb version 0.19.11
wandb: Run data is saved locally in /root/user/doom-drl/wandb/run-20250609_043636-1ac85424
wandb: Run `wandb offline` to turn off syncing.
wandb: Syncing run noble-cosmos-23
wandb: ⭐️ View project at https://wandb.ai/nano-apps/doom-rl
wandb: 🚀 View run at https://wandb.ai/nano-apps/doom-rl/runs/1ac85424
Host 45695
Player 45695
Ep 001: return   -0.3  |  ε 1.000
Ep 002: return    0.0  |  ε 0.999
Ep 003: return   -0.3  |  ε 0.999
Ep 004: return   -0.3  |  ε 0.998
Ep 005: return   -0.5  |  ε 0.998
Ep 006: return   -1.0  |  ε 0.997
Ep 007: return   -0.3  |  ε 0.997
Ep 008: return   -0.3  |  ε 0.996
Ep 009: return   -0.5  |  ε 0.996
Ep 010: return   -0.5  |  ε 0.995
Ep 011: return   -0.7  |  ε 0.995
Ep 012: return   -0.4  |  ε 0.994
Ep 013: return   -0.3  |  ε 0.994
Ep 014: return    0.0  |  ε 0.993
Ep 015: return   -0.2  |  ε 0.993
Ep 016: return   -1.3  |  ε 0.992
Ep 017: return   -1.0  |  ε 0.992
Ep 018: return   -1.3  |  ε 0.991
Ep 019: return   -0.4  |  ε 0.991
Ep 020: return   -0.3  |  ε 0.990
Ep 021: return   -0.1  |  ε 0.990
Ep 022: return   -1.0  |  ε 0.989
Ep 023: return   -0.2  |  ε 0.989
Ep 024: return   -1.0  |  ε 0.988
Ep 025: return   -0.8  |  ε 0.988
Ep 026: return   -0.8  |  ε 0.987
Ep 027: return   -0.3  |  ε 0.987
Ep 028: return   -0.2  |  ε 0.986
Ep 029: return   -0.5  |  ε 0.986
Ep 030: return    0.0  |  ε 0.985
Ep 031: return   -0.5  |  ε 0.985
Ep 032: return   -0.2  |  ε 0.984
Ep 033: return   -0.1  |  ε 0.984
Ep 034: return   -0.9  |  ε 0.983
Ep 035: return   -1.2  |  ε 0.983
Ep 036: return   -0.4  |  ε 0.982
Ep 037: return   -0.2  |  ε 0.982
Ep 038: return   -0.4  |  ε 0.981
Ep 039: return   -0.6  |  ε 0.981
Ep 040: return   -0.9  |  ε 0.980
Ep 041: return   -1.2  |  ε 0.980
Ep 042: return   -0.5  |  ε 0.979
Ep 043: return   -0.4  |  ε 0.979
Ep 044: return   -0.4  |  ε 0.978
Ep 045: return    0.0  |  ε 0.978
Ep 046: return   -0.3  |  ε 0.977
Ep 047: return   -0.7  |  ε 0.977
Ep 048: return   -0.2  |  ε 0.976
Ep 049: return   -0.3  |  ε 0.976
Ep 050: return   -0.2  |  ε 0.975
Ep 051: return   -0.4  |  ε 0.975
Ep 052: return    0.0  |  ε 0.974
Ep 053: return   -0.2  |  ε 0.974
Ep 054: return   -0.1  |  ε 0.973
Ep 055: return   -0.5  |  ε 0.973
Ep 056: return   -0.5  |  ε 0.972
Ep 057: return    6.6  |  ε 0.972
Ep 058: return   -0.4  |  ε 0.971
Ep 059: return   -0.7  |  ε 0.971
Ep 060: return   -1.2  |  ε 0.970
Ep 061: return   -0.4  |  ε 0.970
Ep 062: return   -0.6  |  ε 0.969
Ep 063: return   -0.5  |  ε 0.969
Ep 064: return   -0.8  |  ε 0.968
Ep 065: return   -0.3  |  ε 0.968
Ep 066: return    0.0  |  ε 0.968
Ep 067: return    0.0  |  ε 0.967
Ep 068: return   -0.5  |  ε 0.967
Ep 069: return   -0.1  |  ε 0.966
Ep 070: return   -0.1  |  ε 0.966
Ep 071: return   -0.4  |  ε 0.965
Ep 072: return   -0.5  |  ε 0.965
Ep 073: return    0.0  |  ε 0.964
Ep 074: return   -0.3  |  ε 0.964
Ep 075: return   -0.5  |  ε 0.963
Ep 076: return   -0.7  |  ε 0.963
Ep 077: return   -0.4  |  ε 0.962
Ep 078: return   -0.4  |  ε 0.962
Ep 079: return   -0.5  |  ε 0.961
Ep 080: return   -0.3  |  ε 0.961
Ep 081: return   -0.4  |  ε 0.960
Ep 082: return   -0.7  |  ε 0.960
Ep 083: return   -0.3  |  ε 0.959
Ep 084: return   -0.4  |  ε 0.959
Ep 085: return   -0.1  |  ε 0.958
Ep 086: return   -1.0  |  ε 0.958
Ep 087: return   -0.4  |  ε 0.957
Ep 088: return   -0.8  |  ε 0.957
Ep 089: return   -0.9  |  ε 0.956
Ep 090: return   -0.3  |  ε 0.956
Ep 091: return   -0.1  |  ε 0.956
Ep 092: return   -1.2  |  ε 0.955
Ep 093: return   -0.4  |  ε 0.955
Ep 094: return   -0.4  |  ε 0.954
Ep 095: return   -0.1  |  ε 0.954
Ep 096: return   -0.3  |  ε 0.953
Ep 097: return   -0.7  |  ε 0.953
Ep 098: return   -0.5  |  ε 0.952
Ep 099: return   -0.1  |  ε 0.952
Ep 100: return   -0.5  |  ε 0.951
--- Logged checkpoint to W&B at episode 100 ---
Ep 101: return   -1.0  |  ε 0.951
Ep 102: return   -1.2  |  ε 0.950
Ep 103: return   -0.1  |  ε 0.950
Ep 104: return   -0.5  |  ε 0.949
Ep 105: return   -0.1  |  ε 0.949
Ep 106: return   -0.3  |  ε 0.948
Ep 107: return   -0.9  |  ε 0.948
Ep 108: return   -0.4  |  ε 0.947
Ep 109: return   -0.2  |  ε 0.947
Ep 110: return   -0.3  |  ε 0.946
Ep 111: return   -0.6  |  ε 0.946
Ep 112: return   -0.9  |  ε 0.946
Ep 113: return   -0.4  |  ε 0.945
Ep 114: return    0.0  |  ε 0.945
Ep 115: return   -0.1  |  ε 0.944
Ep 116: return    0.0  |  ε 0.944
Ep 117: return   -0.4  |  ε 0.943
Ep 118: return   -0.5  |  ε 0.943
Ep 119: return   -0.4  |  ε 0.942
Ep 120: return   -0.4  |  ε 0.942
Ep 121: return   -0.2  |  ε 0.941
Ep 122: return   -1.1  |  ε 0.941
Ep 123: return   -0.5  |  ε 0.940
Ep 124: return   -0.1  |  ε 0.940
Ep 125: return   -0.7  |  ε 0.939
Ep 126: return   -0.8  |  ε 0.939
Ep 127: return   -0.6  |  ε 0.938
Ep 128: return   -0.2  |  ε 0.938
Ep 129: return   -0.2  |  ε 0.938
Ep 130: return    0.0  |  ε 0.937
Ep 131: return   -0.4  |  ε 0.937
Ep 132: return   -1.3  |  ε 0.936
Ep 133: return   -0.3  |  ε 0.936
Ep 134: return   -0.4  |  ε 0.935
Ep 135: return   -0.1  |  ε 0.935
Ep 136: return   -1.6  |  ε 0.934
Ep 137: return   16.9  |  ε 0.934
Ep 138: return   -1.1  |  ε 0.933
Ep 139: return    0.0  |  ε 0.933
Ep 140: return   -0.3  |  ε 0.932
Ep 141: return   -0.5  |  ε 0.932
Ep 142: return   -0.4  |  ε 0.931
Ep 143: return   -0.7  |  ε 0.931
Ep 144: return   -0.3  |  ε 0.931
Ep 145: return   -0.3  |  ε 0.930
Ep 146: return   -0.8  |  ε 0.930
Ep 147: return   -0.6  |  ε 0.929
Ep 148: return   -1.2  |  ε 0.929
Ep 149: return   -0.4  |  ε 0.928
Ep 150: return    9.7  |  ε 0.928
Ep 151: return   -0.9  |  ε 0.927
Ep 152: return   -0.1  |  ε 0.927
Ep 153: return   -0.2  |  ε 0.926
Ep 154: return   -0.7  |  ε 0.926
Ep 155: return    0.0  |  ε 0.925
Ep 156: return   -0.4  |  ε 0.925
Ep 157: return   -0.6  |  ε 0.924
Ep 158: return   -1.1  |  ε 0.924
Ep 159: return   -0.8  |  ε 0.924
Ep 160: return   -0.8  |  ε 0.923
Ep 161: return   -0.6  |  ε 0.923
Ep 162: return   -0.3  |  ε 0.922
Ep 163: return   -0.3  |  ε 0.922
Ep 164: return   -0.4  |  ε 0.921
Ep 165: return   13.8  |  ε 0.921
Ep 166: return    0.0  |  ε 0.920
Ep 167: return   -0.1  |  ε 0.920
Ep 168: return   -0.3  |  ε 0.919
Ep 169: return   -0.2  |  ε 0.919
Ep 170: return   -0.8  |  ε 0.918
Ep 171: return   -0.3  |  ε 0.918
Ep 172: return   -0.1  |  ε 0.918
Ep 173: return   -0.5  |  ε 0.917
Ep 174: return   -0.6  |  ε 0.917
Ep 175: return   -0.1  |  ε 0.916
Ep 176: return   -0.5  |  ε 0.916
Ep 177: return    0.0  |  ε 0.915
Ep 178: return    6.4  |  ε 0.915
Ep 179: return   -0.5  |  ε 0.914
Ep 180: return   -1.6  |  ε 0.914
Ep 181: return   -0.6  |  ε 0.913
Ep 182: return   -0.1  |  ε 0.913
Ep 183: return   -0.6  |  ε 0.913
Ep 184: return   -0.2  |  ε 0.912
Ep 185: return   -0.5  |  ε 0.912
Ep 186: return   -0.7  |  ε 0.911
Ep 187: return   -0.1  |  ε 0.911
Ep 188: return   -0.2  |  ε 0.910
Ep 189: return   -2.4  |  ε 0.910
Ep 190: return   -0.4  |  ε 0.909
Ep 191: return   -0.5  |  ε 0.909
Ep 192: return   -0.4  |  ε 0.908
Ep 193: return   -0.5  |  ε 0.908
Ep 194: return    0.0  |  ε 0.908
Ep 195: return   -0.5  |  ε 0.907
Ep 196: return   -0.1  |  ε 0.907
Ep 197: return   -0.3  |  ε 0.906
Ep 198: return   -0.8  |  ε 0.906
Ep 199: return   -0.7  |  ε 0.905
Ep 200: return   -0.5  |  ε 0.905
--- Logged checkpoint to W&B at episode 200 ---
Ep 201: return   -0.5  |  ε 0.904
Ep 202: return   -0.3  |  ε 0.904
Ep 203: return   -0.8  |  ε 0.903
Ep 204: return   -1.1  |  ε 0.903
Ep 205: return   -0.2  |  ε 0.903
Ep 206: return   -0.1  |  ε 0.902
Ep 207: return   -0.5  |  ε 0.902
Ep 208: return   -0.1  |  ε 0.901
Ep 209: return   -0.7  |  ε 0.901
Ep 210: return   -0.2  |  ε 0.900
Ep 211: return   -0.3  |  ε 0.900
Ep 212: return   -0.8  |  ε 0.899
Ep 213: return   -0.5  |  ε 0.899
Ep 214: return   -0.9  |  ε 0.899
Ep 215: return   -0.3  |  ε 0.898
Ep 216: return   -0.9  |  ε 0.898
Ep 217: return   -0.1  |  ε 0.897
Ep 218: return   -0.4  |  ε 0.897
Ep 219: return   -0.2  |  ε 0.896
Ep 220: return   -0.9  |  ε 0.896
Ep 221: return    0.0  |  ε 0.895
Ep 222: return   -0.1  |  ε 0.895
Ep 223: return   -0.4  |  ε 0.894
Ep 224: return   -0.2  |  ε 0.894
Ep 225: return   -1.2  |  ε 0.894
Ep 226: return   -0.3  |  ε 0.893
Ep 227: return   -0.4  |  ε 0.893
Ep 228: return   -0.2  |  ε 0.892
Ep 229: return   -0.6  |  ε 0.892
Ep 230: return   -0.2  |  ε 0.891
Ep 231: return   -1.0  |  ε 0.891
Ep 232: return   -0.3  |  ε 0.890
Ep 233: return   -0.1  |  ε 0.890
Ep 234: return   -0.7  |  ε 0.890
Ep 235: return   -0.6  |  ε 0.889
Ep 236: return   -0.6  |  ε 0.889
Ep 237: return   -0.6  |  ε 0.888
Ep 238: return   -0.3  |  ε 0.888
Ep 239: return   -0.8  |  ε 0.887
Ep 240: return   -0.4  |  ε 0.887
Ep 241: return   -0.6  |  ε 0.886
Ep 242: return   -0.3  |  ε 0.886
Ep 243: return   -0.5  |  ε 0.886
Ep 244: return   -0.1  |  ε 0.885
Ep 245: return   -0.3  |  ε 0.885
Ep 246: return   -0.4  |  ε 0.884
Ep 247: return   -0.4  |  ε 0.884
Ep 248: return   -0.7  |  ε 0.883
Ep 249: return   -0.3  |  ε 0.883
Ep 250: return   -1.5  |  ε 0.882
Ep 251: return   -0.1  |  ε 0.882
Ep 252: return   -0.2  |  ε 0.882
Ep 253: return   -0.2  |  ε 0.881
Ep 254: return   -0.2  |  ε 0.881
Ep 255: return   -0.4  |  ε 0.880
Ep 256: return   -1.1  |  ε 0.880
Ep 257: return   -0.9  |  ε 0.879
Ep 258: return   -0.2  |  ε 0.879
Ep 259: return   -0.2  |  ε 0.879
Ep 260: return   -0.6  |  ε 0.878
Ep 261: return   -0.3  |  ε 0.878
Ep 262: return   -0.8  |  ε 0.877
Ep 263: return   -0.6  |  ε 0.877
Ep 264: return   -0.4  |  ε 0.876
Ep 265: return   -0.7  |  ε 0.876
Ep 266: return   -0.7  |  ε 0.875
Ep 267: return   -1.3  |  ε 0.875
Ep 268: return   -0.6  |  ε 0.875
Ep 269: return   -0.6  |  ε 0.874
Ep 270: return   -0.5  |  ε 0.874
Ep 271: return   -0.7  |  ε 0.873
Ep 272: return   -0.5  |  ε 0.873
Ep 273: return   -0.6  |  ε 0.872
Ep 274: return   -0.8  |  ε 0.872
Ep 275: return   -1.0  |  ε 0.872
Ep 276: return   -0.7  |  ε 0.871
Ep 277: return   -1.1  |  ε 0.871
Ep 278: return    0.0  |  ε 0.870
Ep 279: return   -0.6  |  ε 0.870
Ep 280: return   -0.9  |  ε 0.869
Ep 281: return   -0.4  |  ε 0.869
Ep 282: return   -0.5  |  ε 0.868
Ep 283: return   -0.2  |  ε 0.868
Ep 284: return   -0.8  |  ε 0.868
Ep 285: return   -0.2  |  ε 0.867
Ep 286: return   -0.7  |  ε 0.867
Ep 287: return   -0.5  |  ε 0.866
Ep 288: return   -0.1  |  ε 0.866
Ep 289: return   -0.4  |  ε 0.865
Ep 290: return   -0.6  |  ε 0.865
Ep 291: return    0.0  |  ε 0.865
Ep 292: return   -0.7  |  ε 0.864
Ep 293: return   -0.4  |  ε 0.864
Ep 294: return   -1.0  |  ε 0.863
Ep 295: return   -0.3  |  ε 0.863
Ep 296: return   -0.6  |  ε 0.862
Ep 297: return   -0.2  |  ε 0.862
Ep 298: return   -0.6  |  ε 0.862
Ep 299: return   -0.2  |  ε 0.861
Ep 300: return   -0.2  |  ε 0.861
--- Logged checkpoint to W&B at episode 300 ---
Ep 301: return   -2.8  |  ε 0.860
Ep 302: return   -0.2  |  ε 0.860
Ep 303: return   -0.8  |  ε 0.859
Ep 304: return   -0.5  |  ε 0.859
Ep 305: return   -0.4  |  ε 0.859
Ep 306: return   -0.2  |  ε 0.858
Ep 307: return   -0.4  |  ε 0.858
Ep 308: return   -1.0  |  ε 0.857
Ep 309: return   -0.4  |  ε 0.857
Ep 310: return   -0.5  |  ε 0.856
Ep 311: return   -0.3  |  ε 0.856
Ep 312: return   -0.3  |  ε 0.856
Ep 313: return   -0.3  |  ε 0.855
Ep 314: return   -0.4  |  ε 0.855
Ep 315: return   -0.1  |  ε 0.854
Ep 316: return   -0.4  |  ε 0.854
Ep 317: return   -0.3  |  ε 0.853
Ep 318: return   -0.3  |  ε 0.853
Ep 319: return   -0.3  |  ε 0.853
Ep 320: return   -0.4  |  ε 0.852
Ep 321: return   -0.1  |  ε 0.852
Ep 322: return   -0.5  |  ε 0.851
Ep 323: return   -0.9  |  ε 0.851
Ep 324: return   -0.5  |  ε 0.850
Ep 325: return   -0.7  |  ε 0.850
Ep 326: return   -0.9  |  ε 0.850
Ep 327: return    0.0  |  ε 0.849
Ep 328: return   -0.2  |  ε 0.849
Ep 329: return   -0.5  |  ε 0.848
Ep 330: return   -0.2  |  ε 0.848
Ep 331: return    0.0  |  ε 0.847
Ep 332: return    1.9  |  ε 0.847
Ep 333: return   -0.7  |  ε 0.847
Ep 334: return   -0.1  |  ε 0.846
Ep 335: return   -0.6  |  ε 0.846
Ep 336: return   -0.7  |  ε 0.845
Ep 337: return   -0.3  |  ε 0.845
Ep 338: return   -0.1  |  ε 0.844
Ep 339: return   -0.3  |  ε 0.844
Ep 340: return   -1.4  |  ε 0.844
Ep 341: return   -0.2  |  ε 0.843
Ep 342: return   -0.1  |  ε 0.843
Ep 343: return   -0.2  |  ε 0.842
Ep 344: return   -0.6  |  ε 0.842
Ep 345: return    0.0  |  ε 0.842
Ep 346: return   -0.5  |  ε 0.841
Ep 347: return   -0.9  |  ε 0.841
Ep 348: return   -0.4  |  ε 0.840
Ep 349: return   -0.6  |  ε 0.840
Ep 350: return   -1.3  |  ε 0.839
Ep 351: return   -2.1  |  ε 0.839
Ep 352: return   -0.1  |  ε 0.839
Ep 353: return   -0.2  |  ε 0.838
Ep 354: return   -0.2  |  ε 0.838
Ep 355: return   -0.6  |  ε 0.837
Ep 356: return   -0.2  |  ε 0.837
Ep 357: return   -0.4  |  ε 0.836
Ep 358: return   -0.5  |  ε 0.836
Ep 359: return   -1.3  |  ε 0.836
Ep 360: return   -0.3  |  ε 0.835
Ep 361: return   -0.4  |  ε 0.835
Ep 362: return   -0.1  |  ε 0.834
Ep 363: return   -0.7  |  ε 0.834
Ep 364: return   -0.4  |  ε 0.834
Ep 365: return   -0.7  |  ε 0.833
Ep 366: return   -1.1  |  ε 0.833
Ep 367: return   -0.5  |  ε 0.832
Ep 368: return   -0.6  |  ε 0.832
Ep 369: return   -1.1  |  ε 0.831
Ep 370: return   -0.2  |  ε 0.831
Ep 371: return    0.0  |  ε 0.831
Ep 372: return   -0.5  |  ε 0.830
Ep 373: return   -0.1  |  ε 0.830
Ep 374: return   -0.7  |  ε 0.829
Ep 375: return   -0.5  |  ε 0.829
Ep 376: return    4.6  |  ε 0.829
Ep 377: return   -0.9  |  ε 0.828
Ep 378: return   -0.2  |  ε 0.828
Ep 379: return   -0.6  |  ε 0.827
Ep 380: return    0.0  |  ε 0.827
Ep 381: return   -0.9  |  ε 0.827
Ep 382: return   -0.4  |  ε 0.826
Ep 383: return   -0.5  |  ε 0.826
Ep 384: return   -0.6  |  ε 0.825
Ep 385: return   -0.2  |  ε 0.825
Ep 386: return   -0.1  |  ε 0.824
Ep 387: return   -0.8  |  ε 0.824
Ep 388: return   -1.4  |  ε 0.824
Ep 389: return   -1.4  |  ε 0.823
Ep 390: return   -0.7  |  ε 0.823
Ep 391: return   -0.2  |  ε 0.822
Ep 392: return   -0.2  |  ε 0.822
Ep 393: return   -0.6  |  ε 0.822
Ep 394: return    0.0  |  ε 0.821
Ep 395: return   -0.8  |  ε 0.821
Ep 396: return   -0.5  |  ε 0.820
Ep 397: return   -0.2  |  ε 0.820
Ep 398: return   -0.3  |  ε 0.820
Ep 399: return   -1.5  |  ε 0.819
Ep 400: return   -0.2  |  ε 0.819
--- Logged checkpoint to W&B at episode 400 ---
Ep 401: return   -0.3  |  ε 0.818
Ep 402: return   -0.3  |  ε 0.818
Ep 403: return   -0.4  |  ε 0.817
Ep 404: return   -0.6  |  ε 0.817
Ep 405: return   -0.2  |  ε 0.817
Ep 406: return   14.4  |  ε 0.816
Ep 407: return   -0.2  |  ε 0.816
Ep 408: return   -0.2  |  ε 0.815
Ep 409: return   -0.8  |  ε 0.815
Ep 410: return   -0.8  |  ε 0.815
Ep 411: return   -0.5  |  ε 0.814
Ep 412: return   -0.5  |  ε 0.814
Ep 413: return   -0.6  |  ε 0.813
Ep 414: return   -0.3  |  ε 0.813
Ep 415: return   -0.6  |  ε 0.813
Ep 416: return   -0.2  |  ε 0.812
Ep 417: return   -2.1  |  ε 0.812
Ep 418: return   -0.3  |  ε 0.811
Ep 419: return   -0.3  |  ε 0.811
Ep 420: return   -0.5  |  ε 0.811
Ep 421: return    0.0  |  ε 0.810
Ep 422: return   -0.3  |  ε 0.810
Ep 423: return   -0.4  |  ε 0.809
Ep 424: return   -0.5  |  ε 0.809
Ep 425: return   -0.5  |  ε 0.809
Ep 426: return   -0.2  |  ε 0.808
Ep 427: return   -0.4  |  ε 0.808
Ep 428: return   -0.8  |  ε 0.807
Ep 429: return   -0.4  |  ε 0.807
Ep 430: return   -0.2  |  ε 0.806
Ep 431: return   -0.4  |  ε 0.806
Ep 432: return    1.7  |  ε 0.806
Ep 433: return    0.0  |  ε 0.805
Ep 434: return   -0.2  |  ε 0.805
Ep 435: return   -0.7  |  ε 0.804
Ep 436: return   -0.4  |  ε 0.804
Ep 437: return   -0.5  |  ε 0.804
Ep 438: return   -0.4  |  ε 0.803
Ep 439: return   -0.4  |  ε 0.803
Ep 440: return   -0.2  |  ε 0.802
Ep 441: return   -0.2  |  ε 0.802
Ep 442: return   -0.2  |  ε 0.802
Ep 443: return   -0.8  |  ε 0.801
Ep 444: return   -0.6  |  ε 0.801
Ep 445: return   -0.4  |  ε 0.800
Ep 446: return   -0.7  |  ε 0.800
Ep 447: return   -0.1  |  ε 0.800
Ep 448: return   -1.8  |  ε 0.799
Ep 449: return   -0.7  |  ε 0.799
Ep 450: return   -0.3  |  ε 0.798
Ep 451: return   -0.6  |  ε 0.798
Ep 452: return   -1.1  |  ε 0.798
Ep 453: return   -0.4  |  ε 0.797
Ep 454: return   -0.5  |  ε 0.797
Ep 455: return   -0.4  |  ε 0.796
Ep 456: return   -0.4  |  ε 0.796
Ep 457: return   -0.1  |  ε 0.796
Ep 458: return   -0.3  |  ε 0.795
Ep 459: return   -0.4  |  ε 0.795
Ep 460: return   -0.4  |  ε 0.794
Ep 461: return   -0.8  |  ε 0.794
Ep 462: return   -0.4  |  ε 0.794
Ep 463: return   -0.5  |  ε 0.793
Ep 464: return   -0.2  |  ε 0.793
Ep 465: return   -0.9  |  ε 0.793
Ep 466: return   -0.6  |  ε 0.792
Ep 467: return    6.5  |  ε 0.792
Ep 468: return   -0.7  |  ε 0.791
Ep 469: return   -1.3  |  ε 0.791
Ep 470: return   -0.3  |  ε 0.791
Ep 471: return   -0.3  |  ε 0.790
Ep 472: return   -0.1  |  ε 0.790
Ep 473: return   -0.3  |  ε 0.789
Ep 474: return   -0.1  |  ε 0.789
Ep 475: return   -0.2  |  ε 0.789
Ep 476: return   -0.3  |  ε 0.788
Ep 477: return   -0.1  |  ε 0.788
Ep 478: return   -0.1  |  ε 0.787
Ep 479: return   -1.1  |  ε 0.787
Ep 480: return   -0.9  |  ε 0.787
Ep 481: return   -0.5  |  ε 0.786
Ep 482: return   -0.3  |  ε 0.786
Ep 483: return   -1.0  |  ε 0.785
Ep 484: return   -0.2  |  ε 0.785
Ep 485: return   -0.6  |  ε 0.785
Ep 486: return   -0.2  |  ε 0.784
Ep 487: return   -0.6  |  ε 0.784
Ep 488: return    0.0  |  ε 0.783
Ep 489: return    0.0  |  ε 0.783
Ep 490: return   -0.5  |  ε 0.783
Ep 491: return    0.0  |  ε 0.782
Ep 492: return    0.0  |  ε 0.782
Ep 493: return   -0.3  |  ε 0.781
Ep 494: return   -0.3  |  ε 0.781
Ep 495: return   -0.7  |  ε 0.781
Ep 496: return   -0.2  |  ε 0.780
Ep 497: return   -0.5  |  ε 0.780
Ep 498: return   -0.1  |  ε 0.780
Ep 499: return   -0.5  |  ε 0.779
Ep 500: return    8.0  |  ε 0.779
--- Logged checkpoint to W&B at episode 500 ---
Ep 501: return   -0.7  |  ε 0.778
Ep 502: return   -0.5  |  ε 0.778
Ep 503: return   -0.2  |  ε 0.778
Ep 504: return    6.5  |  ε 0.777
Ep 505: return   -0.9  |  ε 0.777
Ep 506: return    0.0  |  ε 0.776
Ep 507: return   -0.4  |  ε 0.776
Ep 508: return   -0.9  |  ε 0.776
Ep 509: return   -0.2  |  ε 0.775
Ep 510: return   -0.6  |  ε 0.775
Ep 511: return   -0.5  |  ε 0.774
Ep 512: return   -0.8  |  ε 0.774
Ep 513: return   -0.2  |  ε 0.774
Ep 514: return   -0.3  |  ε 0.773
Ep 515: return   -0.3  |  ε 0.773
Ep 516: return    8.5  |  ε 0.773
Ep 517: return   -1.0  |  ε 0.772
Ep 518: return   -1.9  |  ε 0.772
Ep 519: return   -0.4  |  ε 0.771
Ep 520: return   -0.2  |  ε 0.771
Ep 521: return   -0.4  |  ε 0.771
Ep 522: return   -1.2  |  ε 0.770
Ep 523: return   -0.4  |  ε 0.770
Ep 524: return   -0.7  |  ε 0.769
Ep 525: return   -0.7  |  ε 0.769
Ep 526: return   -0.2  |  ε 0.769
Ep 527: return   -0.1  |  ε 0.768
Ep 528: return   -0.3  |  ε 0.768
Ep 529: return   -0.5  |  ε 0.768
Ep 530: return   -0.3  |  ε 0.767
Ep 531: return    0.0  |  ε 0.767
Ep 532: return   -0.3  |  ε 0.766
Ep 533: return   -0.1  |  ε 0.766
Ep 534: return   -0.2  |  ε 0.766
Ep 535: return   -0.7  |  ε 0.765
Ep 536: return   -0.4  |  ε 0.765
Ep 537: return    0.0  |  ε 0.764
Ep 538: return   -0.2  |  ε 0.764
Ep 539: return   -0.5  |  ε 0.764
Ep 540: return   -0.2  |  ε 0.763
Ep 541: return   -0.3  |  ε 0.763
Ep 542: return   -0.4  |  ε 0.763
Ep 543: return   -0.3  |  ε 0.762
Ep 544: return   -0.6  |  ε 0.762
Ep 545: return   -0.5  |  ε 0.761
Ep 546: return   -0.5  |  ε 0.761
Ep 547: return    0.0  |  ε 0.761
Ep 548: return   -0.5  |  ε 0.760
Ep 549: return   -0.1  |  ε 0.760
Ep 550: return   -0.3  |  ε 0.760
Ep 551: return    5.5  |  ε 0.759
Ep 552: return   -0.1  |  ε 0.759
Ep 553: return   -0.1  |  ε 0.758
Ep 554: return   -0.9  |  ε 0.758
Ep 555: return   -0.5  |  ε 0.758
Ep 556: return   -2.5  |  ε 0.757
Ep 557: return   -0.4  |  ε 0.757
Ep 558: return   -0.9  |  ε 0.756
Ep 559: return   -0.8  |  ε 0.756
Ep 560: return   -0.4  |  ε 0.756
Ep 561: return   -1.0  |  ε 0.755
Ep 562: return    6.8  |  ε 0.755
Ep 563: return   -0.6  |  ε 0.755
Ep 564: return   -0.9  |  ε 0.754
Ep 565: return   -0.3  |  ε 0.754
Ep 566: return   -0.3  |  ε 0.753
Ep 567: return   -0.3  |  ε 0.753
Ep 568: return   -0.1  |  ε 0.753
Ep 569: return   -0.2  |  ε 0.752
Ep 570: return   -0.5  |  ε 0.752
Ep 571: return   -0.5  |  ε 0.752
Ep 572: return   27.2  |  ε 0.751
Ep 573: return   -0.4  |  ε 0.751
Ep 574: return   -0.4  |  ε 0.750
Ep 575: return    0.0  |  ε 0.750
Ep 576: return   -0.1  |  ε 0.750
Ep 577: return   -0.3  |  ε 0.749
Ep 578: return   -0.3  |  ε 0.749
Ep 579: return   -0.8  |  ε 0.749
Ep 580: return    1.6  |  ε 0.748
Ep 581: return   -0.3  |  ε 0.748
Ep 582: return   -0.6  |  ε 0.747
Ep 583: return   -0.3  |  ε 0.747
Ep 584: return   -0.5  |  ε 0.747
Ep 585: return   -0.5  |  ε 0.746
Ep 586: return   -0.7  |  ε 0.746
Ep 587: return   -0.4  |  ε 0.746
Ep 588: return   -0.7  |  ε 0.745
Ep 589: return   -0.1  |  ε 0.745
Ep 590: return   -0.7  |  ε 0.744
Ep 591: return   -0.6  |  ε 0.744
Ep 592: return   -0.5  |  ε 0.744
Ep 593: return   -0.5  |  ε 0.743
Ep 594: return   -0.2  |  ε 0.743
Ep 595: return   -0.1  |  ε 0.743
Ep 596: return   -0.6  |  ε 0.742
Ep 597: return   -0.3  |  ε 0.742
Ep 598: return   -0.3  |  ε 0.742
Ep 599: return   -0.2  |  ε 0.741
Ep 600: return   -0.9  |  ε 0.741
--- Logged checkpoint to W&B at episode 600 ---
Ep 601: return    4.8  |  ε 0.740
Ep 602: return   -0.9  |  ε 0.740
Ep 603: return   -0.3  |  ε 0.740
Ep 604: return   -0.2  |  ε 0.739
Ep 605: return   -0.3  |  ε 0.739
Ep 606: return    4.9  |  ε 0.739
Ep 607: return   -0.1  |  ε 0.738
Ep 608: return   -0.8  |  ε 0.738
Ep 609: return   -0.6  |  ε 0.737
Ep 610: return   -0.7  |  ε 0.737
Ep 611: return   -0.1  |  ε 0.737
Ep 612: return   -0.2  |  ε 0.736
Ep 613: return   -0.3  |  ε 0.736
Ep 614: return   -0.3  |  ε 0.736
Ep 615: return   -1.0  |  ε 0.735
Ep 616: return   -0.3  |  ε 0.735
Ep 617: return   -0.3  |  ε 0.734
Ep 618: return   -0.5  |  ε 0.734
Ep 619: return   -0.9  |  ε 0.734
Ep 620: return   -0.3  |  ε 0.733
Ep 621: return   -0.5  |  ε 0.733
Ep 622: return   -0.7  |  ε 0.733
Ep 623: return   -0.6  |  ε 0.732
Ep 624: return   -0.5  |  ε 0.732
Ep 625: return   -0.3  |  ε 0.732
Ep 626: return   -0.2  |  ε 0.731
Ep 627: return   -0.3  |  ε 0.731
Ep 628: return   -0.2  |  ε 0.730
Ep 629: return   -0.1  |  ε 0.730
Ep 630: return   -0.2  |  ε 0.730
Ep 631: return   -2.4  |  ε 0.729
Ep 632: return   -0.6  |  ε 0.729
Ep 633: return   -0.2  |  ε 0.729
Ep 634: return   -0.4  |  ε 0.728
Ep 635: return   -0.4  |  ε 0.728
Ep 636: return   -0.7  |  ε 0.728
Ep 637: return   -1.3  |  ε 0.727
Ep 638: return   -0.1  |  ε 0.727
Ep 639: return   -0.5  |  ε 0.726
Ep 640: return    0.0  |  ε 0.726
Ep 641: return   -0.8  |  ε 0.726
Ep 642: return    4.9  |  ε 0.725
Ep 643: return   -0.4  |  ε 0.725
Ep 644: return   -0.1  |  ε 0.725
Ep 645: return   -0.4  |  ε 0.724
Ep 646: return   -0.6  |  ε 0.724
Ep 647: return    1.8  |  ε 0.724
Ep 648: return   -1.2  |  ε 0.723
Ep 649: return   -0.2  |  ε 0.723
Ep 650: return   -0.8  |  ε 0.722
Ep 651: return   -0.7  |  ε 0.722
Ep 652: return   -0.7  |  ε 0.722
Ep 653: return   -0.1  |  ε 0.721
Ep 654: return   -0.4  |  ε 0.721
Ep 655: return   -0.2  |  ε 0.721
Ep 656: return   -0.1  |  ε 0.720
Ep 657: return   -0.5  |  ε 0.720
Ep 658: return   -0.2  |  ε 0.720
Ep 659: return    0.0  |  ε 0.719
Ep 660: return   -0.7  |  ε 0.719
Ep 661: return   -0.1  |  ε 0.719
Ep 662: return   -0.4  |  ε 0.718
Ep 663: return   13.6  |  ε 0.718
Ep 664: return   -0.6  |  ε 0.717
Ep 665: return   -0.8  |  ε 0.717
Ep 666: return   -1.1  |  ε 0.717
Ep 667: return   -0.8  |  ε 0.716
Ep 668: return   -0.2  |  ε 0.716
Ep 669: return   -0.2  |  ε 0.716
Ep 670: return   -0.7  |  ε 0.715
Ep 671: return   -0.2  |  ε 0.715
Ep 672: return   -0.2  |  ε 0.715
Ep 673: return    0.0  |  ε 0.714
Ep 674: return   -0.9  |  ε 0.714
Ep 675: return    0.0  |  ε 0.713
Ep 676: return   -0.2  |  ε 0.713
Ep 677: return   -0.3  |  ε 0.713
Ep 678: return   -0.2  |  ε 0.712
Ep 679: return   -2.1  |  ε 0.712
Ep 680: return   -0.3  |  ε 0.712
Ep 681: return   29.2  |  ε 0.711
Ep 682: return   -0.4  |  ε 0.711
Ep 683: return   -1.1  |  ε 0.711
Ep 684: return    0.0  |  ε 0.710
Ep 685: return   -0.6  |  ε 0.710
Ep 686: return   -0.6  |  ε 0.710
Ep 687: return   -0.7  |  ε 0.709
Ep 688: return   -0.4  |  ε 0.709
Ep 689: return    0.0  |  ε 0.709
Ep 690: return   -0.5  |  ε 0.708
Ep 691: return   -0.6  |  ε 0.708
Ep 692: return   -0.7  |  ε 0.707
Ep 693: return   -0.5  |  ε 0.707
Ep 694: return   -0.4  |  ε 0.707
Ep 695: return   -0.7  |  ε 0.706
Ep 696: return   -1.3  |  ε 0.706
Ep 697: return   -0.4  |  ε 0.706
Ep 698: return   -0.2  |  ε 0.705
Ep 699: return    0.0  |  ε 0.705
Ep 700: return   -0.6  |  ε 0.705
--- Logged checkpoint to W&B at episode 700 ---
Ep 701: return   -0.3  |  ε 0.704
Ep 702: return   -0.4  |  ε 0.704
Ep 703: return   -0.3  |  ε 0.704
Ep 704: return   -0.8  |  ε 0.703
Ep 705: return   -0.4  |  ε 0.703
Ep 706: return   -0.1  |  ε 0.703
Ep 707: return   -0.8  |  ε 0.702
Ep 708: return   -0.4  |  ε 0.702
Ep 709: return   -0.5  |  ε 0.701
Ep 710: return   -0.5  |  ε 0.701
Ep 711: return   -0.2  |  ε 0.701
Ep 712: return   -0.5  |  ε 0.700
Ep 713: return   -0.4  |  ε 0.700
Ep 714: return   -0.6  |  ε 0.700
Ep 715: return   -0.3  |  ε 0.699
Ep 716: return   -1.3  |  ε 0.699
Ep 717: return   -0.3  |  ε 0.699
Ep 718: return   -0.4  |  ε 0.698
Ep 719: return   -0.3  |  ε 0.698
Ep 720: return   -0.2  |  ε 0.698
Ep 721: return   -0.5  |  ε 0.697
Ep 722: return   -0.8  |  ε 0.697
Ep 723: return   -1.1  |  ε 0.697
Ep 724: return   -0.6  |  ε 0.696
Ep 725: return   -0.1  |  ε 0.696
Ep 726: return    0.0  |  ε 0.696
Ep 727: return   -0.3  |  ε 0.695
Ep 728: return   -0.3  |  ε 0.695
Ep 729: return   -0.8  |  ε 0.694
Ep 730: return   -0.7  |  ε 0.694
Ep 731: return   -0.8  |  ε 0.694
Ep 732: return   -0.3  |  ε 0.693
Ep 733: return   -0.5  |  ε 0.693
Ep 734: return   -0.9  |  ε 0.693
Ep 735: return    2.0  |  ε 0.692
Ep 736: return   -0.2  |  ε 0.692
Ep 737: return   -0.7  |  ε 0.692
Ep 738: return   -0.4  |  ε 0.691
Ep 739: return   -0.2  |  ε 0.691
Ep 740: return   -0.3  |  ε 0.691
Ep 741: return   -0.8  |  ε 0.690
Ep 742: return   -0.1  |  ε 0.690
Ep 743: return   -0.3  |  ε 0.690
Ep 744: return   -0.8  |  ε 0.689
Ep 745: return   -0.8  |  ε 0.689
Ep 746: return   -0.4  |  ε 0.689
Ep 747: return   -0.6  |  ε 0.688
Ep 748: return   -1.0  |  ε 0.688
Ep 749: return   -0.4  |  ε 0.688
Ep 750: return   -1.4  |  ε 0.687
Ep 751: return   -0.5  |  ε 0.687
Ep 752: return   -0.6  |  ε 0.687
Ep 753: return   -0.7  |  ε 0.686
Ep 754: return   -0.1  |  ε 0.686
Ep 755: return   -0.2  |  ε 0.686
Ep 756: return   -0.8  |  ε 0.685
Ep 757: return   -0.8  |  ε 0.685
Ep 758: return   -1.3  |  ε 0.684
Ep 759: return   -0.2  |  ε 0.684
Ep 760: return   -0.1  |  ε 0.684
Ep 761: return   -0.1  |  ε 0.683
Ep 762: return   15.5  |  ε 0.683
Ep 763: return   -0.5  |  ε 0.683
Ep 764: return   -0.6  |  ε 0.682
Ep 765: return    0.0  |  ε 0.682
Ep 766: return   -0.9  |  ε 0.682
Ep 767: return   -0.6  |  ε 0.681
Ep 768: return   -0.2  |  ε 0.681
Ep 769: return   -0.6  |  ε 0.681
Ep 770: return   -0.6  |  ε 0.680
Ep 771: return   -0.8  |  ε 0.680
Ep 772: return   -0.9  |  ε 0.680
Ep 773: return   -0.4  |  ε 0.679
Ep 774: return   -0.1  |  ε 0.679
Ep 775: return   -0.7  |  ε 0.679
Ep 776: return   -0.6  |  ε 0.678
Ep 777: return   -0.6  |  ε 0.678
Ep 778: return   -0.2  |  ε 0.678
Ep 779: return   -1.1  |  ε 0.677
Ep 780: return   -0.6  |  ε 0.677
Ep 781: return   -0.7  |  ε 0.677
Ep 782: return   -1.4  |  ε 0.676
Ep 783: return   -0.4  |  ε 0.676
Ep 784: return   -0.1  |  ε 0.676
Ep 785: return   -0.7  |  ε 0.675
Ep 786: return    0.0  |  ε 0.675
Ep 787: return   -0.1  |  ε 0.675
Ep 788: return   -0.5  |  ε 0.674
Ep 789: return   -0.7  |  ε 0.674
Ep 790: return    0.0  |  ε 0.674
Ep 791: return   -0.1  |  ε 0.673
Ep 792: return   -0.3  |  ε 0.673
Ep 793: return    0.0  |  ε 0.673
Ep 794: return   -0.9  |  ε 0.672
Ep 795: return   -0.4  |  ε 0.672
Ep 796: return    0.0  |  ε 0.672
Ep 797: return   -0.4  |  ε 0.671
Ep 798: return   -0.2  |  ε 0.671
Ep 799: return   -0.7  |  ε 0.671
Ep 800: return   -0.7  |  ε 0.670
--- Logged checkpoint to W&B at episode 800 ---
Ep 801: return    0.0  |  ε 0.670
Ep 802: return   -0.3  |  ε 0.670
Ep 803: return   -0.6  |  ε 0.669
Ep 804: return   -0.3  |  ε 0.669
Ep 805: return   -0.6  |  ε 0.669
Ep 806: return    0.0  |  ε 0.668
Ep 807: return   -0.1  |  ε 0.668
Ep 808: return   -0.3  |  ε 0.668
Ep 809: return   -0.1  |  ε 0.667
Ep 810: return   -0.2  |  ε 0.667
Ep 811: return   -0.3  |  ε 0.667
Ep 812: return   -0.5  |  ε 0.666
Ep 813: return   -0.8  |  ε 0.666
Ep 814: return   -0.6  |  ε 0.666
Ep 815: return   -0.4  |  ε 0.665
Ep 816: return   -0.6  |  ε 0.665
Ep 817: return   -0.5  |  ε 0.665
Ep 818: return   -0.2  |  ε 0.664
Ep 819: return   -0.3  |  ε 0.664
Ep 820: return   -0.7  |  ε 0.664
Ep 821: return   -0.6  |  ε 0.663
Ep 822: return   -0.6  |  ε 0.663
Ep 823: return   -0.5  |  ε 0.663
Ep 824: return    0.0  |  ε 0.662
Ep 825: return   -0.6  |  ε 0.662
Ep 826: return    0.0  |  ε 0.662
Ep 827: return   -0.2  |  ε 0.661
Ep 828: return   -0.3  |  ε 0.661
Ep 829: return    0.0  |  ε 0.661
Ep 830: return   -0.4  |  ε 0.660
Ep 831: return   -0.5  |  ε 0.660
Ep 832: return   -0.4  |  ε 0.660
Ep 833: return   -0.2  |  ε 0.659
Ep 834: return   -0.1  |  ε 0.659
Ep 835: return   -1.1  |  ε 0.659
Ep 836: return   -1.3  |  ε 0.658
Ep 837: return    0.0  |  ε 0.658
Ep 838: return   -2.2  |  ε 0.658
Ep 839: return   -0.3  |  ε 0.657
Ep 840: return    0.0  |  ε 0.657
Ep 841: return   -0.3  |  ε 0.657
Ep 842: return   -1.8  |  ε 0.656
Ep 843: return   -0.3  |  ε 0.656
Ep 844: return   -1.0  |  ε 0.656
Ep 845: return   -0.5  |  ε 0.655
Ep 846: return   -0.2  |  ε 0.655
Ep 847: return   -0.3  |  ε 0.655
Ep 848: return   -0.4  |  ε 0.654
Ep 849: return    0.0  |  ε 0.654
Ep 850: return   -0.1  |  ε 0.654
Ep 851: return   -0.6  |  ε 0.653
Ep 852: return    0.0  |  ε 0.653
Ep 853: return   -0.2  |  ε 0.653
Ep 854: return   -0.9  |  ε 0.652
Ep 855: return   -1.0  |  ε 0.652
Ep 856: return   -0.7  |  ε 0.652
Ep 857: return   -0.8  |  ε 0.651
Ep 858: return   -0.1  |  ε 0.651
Ep 859: return   -0.1  |  ε 0.651
Ep 860: return   -0.3  |  ε 0.650
Ep 861: return   -0.6  |  ε 0.650
Ep 862: return   -0.3  |  ε 0.650
Ep 863: return   -0.2  |  ε 0.649
Ep 864: return   -0.9  |  ε 0.649
Ep 865: return   -0.2  |  ε 0.649
Ep 866: return   -0.8  |  ε 0.648
Ep 867: return   -1.1  |  ε 0.648
Ep 868: return   -0.2  |  ε 0.648
Ep 869: return   -0.5  |  ε 0.648
Ep 870: return   -0.7  |  ε 0.647
Ep 871: return   -0.2  |  ε 0.647
Ep 872: return   -0.2  |  ε 0.647
Ep 873: return    0.0  |  ε 0.646
Ep 874: return   -0.4  |  ε 0.646
Ep 875: return   -0.2  |  ε 0.646
Ep 876: return   -0.6  |  ε 0.645
Ep 877: return   -0.2  |  ε 0.645
Ep 878: return   -0.8  |  ε 0.645
Ep 879: return    0.0  |  ε 0.644
Ep 880: return   -0.1  |  ε 0.644
Ep 881: return   -0.5  |  ε 0.644
Ep 882: return   -0.5  |  ε 0.643
Ep 883: return   -0.3  |  ε 0.643
Ep 884: return   -0.3  |  ε 0.643
Ep 885: return   -0.8  |  ε 0.642
Ep 886: return   -0.5  |  ε 0.642
Ep 887: return   -0.6  |  ε 0.642
Ep 888: return   -0.4  |  ε 0.641
Ep 889: return    0.0  |  ε 0.641
Ep 890: return   -0.4  |  ε 0.641
Ep 891: return   -0.6  |  ε 0.640
Ep 892: return   -1.1  |  ε 0.640
Ep 893: return   -0.6  |  ε 0.640
Ep 894: return   -0.3  |  ε 0.639
Ep 895: return   -0.7  |  ε 0.639
Ep 896: return    0.0  |  ε 0.639
Ep 897: return   -0.6  |  ε 0.639
Ep 898: return   -0.5  |  ε 0.638
Ep 899: return   -0.1  |  ε 0.638
Ep 900: return   -0.1  |  ε 0.638
--- Logged checkpoint to W&B at episode 900 ---
Ep 901: return    0.0  |  ε 0.637
Ep 902: return   -0.4  |  ε 0.637
Ep 903: return   -0.2  |  ε 0.637
Ep 904: return   -0.5  |  ε 0.636
Ep 905: return   -0.1  |  ε 0.636
Ep 906: return   -0.4  |  ε 0.636
Ep 907: return   -0.5  |  ε 0.635
Ep 908: return   -0.3  |  ε 0.635
Ep 909: return   -0.6  |  ε 0.635
Ep 910: return   -0.5  |  ε 0.634
Ep 911: return   -0.7  |  ε 0.634
Ep 912: return   -0.3  |  ε 0.634
Ep 913: return    0.0  |  ε 0.633
Ep 914: return   -0.1  |  ε 0.633
Ep 915: return   -0.8  |  ε 0.633
Ep 916: return   -0.2  |  ε 0.632
Ep 917: return   -0.4  |  ε 0.632
Ep 918: return   -0.4  |  ε 0.632
Ep 919: return   -0.3  |  ε 0.632
Ep 920: return    7.4  |  ε 0.631
Ep 921: return   -0.8  |  ε 0.631
Ep 922: return    0.0  |  ε 0.631
Ep 923: return   -0.6  |  ε 0.630
Ep 924: return   -1.1  |  ε 0.630
Ep 925: return   -0.2  |  ε 0.630wandb: uploading artifact doom-model-ep1000
wandb:                                                                                
wandb: 
wandb: Run history:
wandb:       bots ▁
wandb: custom_rwd ▁▁▁▁▁▁▁▁▁▁▁▁▁▁▁▁▁▁▁▁▁▁▁▁▁▁▁▁▁▁▁▁▁▁▁▁▁▁▁▁
wandb:    episode ▁▁▁▁▂▂▂▂▃▃▃▃▃▃▃▄▄▄▄▄▄▄▄▄▅▆▆▆▆▆▇▇▇▇▇▇▇███
wandb:    epsilon ██▇▇▇▇▇▇▆▆▆▆▆▆▅▅▄▄▄▄▃▃▃▃▃▃▃▃▃▂▂▂▂▂▂▂▁▁▁▁
wandb:       loss ▁▁▁▁▁▁▁▁▁▁▁▄█▁▁▁▁█▁▁▁▁▁▁▅▁▅▅▁▁▁▁▅▁▄▁▁▁▁▁
wandb:         lr ▁
wandb:     reward ▁▁▂▁▂▁▂▂▂▂▂▂▂▂▄▁▂▂▁▂▂▂▂▂▂█▂▂▂▂▂▁▂▂▁▁▂▂▂▂
wandb: 
wandb: Run summary:
wandb:       bots 1
wandb: custom_rwd 0
wandb:    episode 999
wandb:    epsilon 0.60645
wandb:       loss 1e-05
wandb:         lr 0.0
wandb:     reward -0.3
wandb: 
wandb: 🚀 View run noble-cosmos-23 at: https://wandb.ai/nano-apps/doom-rl/runs/1ac85424
wandb: ⭐️ View project at: https://wandb.ai/nano-apps/doom-rl
wandb: Synced 5 W&B file(s), 0 media file(s), 20 artifact file(s) and 0 other file(s)
wandb: Find logs at: ./wandb/run-20250609_043636-1ac85424/logs

Ep 926: return   -0.1  |  ε 0.629
Ep 927: return   -0.5  |  ε 0.629
Ep 928: return   -0.2  |  ε 0.629
Ep 929: return    4.4  |  ε 0.628
Ep 930: return   -0.8  |  ε 0.628
Ep 931: return    0.0  |  ε 0.628
Ep 932: return   -0.1  |  ε 0.627
Ep 933: return   -0.3  |  ε 0.627
Ep 934: return   -0.6  |  ε 0.627
Ep 935: return   -0.7  |  ε 0.626
Ep 936: return   -0.8  |  ε 0.626
Ep 937: return   -0.6  |  ε 0.626
Ep 938: return   -0.4  |  ε 0.626
Ep 939: return   -0.6  |  ε 0.625
Ep 940: return   -1.0  |  ε 0.625
Ep 941: return   -0.7  |  ε 0.625
Ep 942: return   -0.1  |  ε 0.624
Ep 943: return    0.0  |  ε 0.624
Ep 944: return   -0.1  |  ε 0.624
Ep 945: return   13.8  |  ε 0.623
Ep 946: return   -0.6  |  ε 0.623
Ep 947: return   -0.8  |  ε 0.623
Ep 948: return    3.8  |  ε 0.622
Ep 949: return   -0.8  |  ε 0.622
Ep 950: return   -0.1  |  ε 0.622
Ep 951: return   -0.3  |  ε 0.622
Ep 952: return   -0.7  |  ε 0.621
Ep 953: return   -0.2  |  ε 0.621
Ep 954: return    9.5  |  ε 0.621
Ep 955: return   -0.4  |  ε 0.620
Ep 956: return   -0.8  |  ε 0.620
Ep 957: return   -0.6  |  ε 0.620
Ep 958: return   -0.4  |  ε 0.619
Ep 959: return   -0.9  |  ε 0.619
Ep 960: return   -0.3  |  ε 0.619
Ep 961: return   -0.9  |  ε 0.618
Ep 962: return   -0.8  |  ε 0.618
Ep 963: return   -0.5  |  ε 0.618
Ep 964: return   -0.9  |  ε 0.617
Ep 965: return   -0.4  |  ε 0.617
Ep 966: return    0.0  |  ε 0.617
Ep 967: return   -0.5  |  ε 0.617
Ep 968: return   -0.7  |  ε 0.616
Ep 969: return   -0.3  |  ε 0.616
Ep 970: return    0.0  |  ε 0.616
Ep 971: return   -0.3  |  ε 0.615
Ep 972: return   -0.9  |  ε 0.615
Ep 973: return   -0.5  |  ε 0.615
Ep 974: return   -0.6  |  ε 0.614
Ep 975: return   -1.0  |  ε 0.614
Ep 976: return   -0.4  |  ε 0.614
Ep 977: return   -0.2  |  ε 0.613
Ep 978: return   -0.1  |  ε 0.613
Ep 979: return   -0.3  |  ε 0.613
Ep 980: return   -0.5  |  ε 0.613
Ep 981: return   -0.1  |  ε 0.612
Ep 982: return   -0.1  |  ε 0.612
Ep 983: return   -0.6  |  ε 0.612
Ep 984: return   -2.3  |  ε 0.611
Ep 985: return   -0.9  |  ε 0.611
Ep 986: return   -0.1  |  ε 0.611
Ep 987: return   -0.6  |  ε 0.610
Ep 988: return   -0.2  |  ε 0.610
Ep 989: return   -0.2  |  ε 0.610
Ep 990: return   -0.2  |  ε 0.609
Ep 991: return   -0.4  |  ε 0.609
Ep 992: return   -0.4  |  ε 0.609
Ep 993: return   -0.3  |  ε 0.609
Ep 994: return   -0.3  |  ε 0.608
Ep 995: return   -0.3  |  ε 0.608
Ep 996: return   -0.2  |  ε 0.608
Ep 997: return   -0.5  |  ε 0.607
Ep 998: return   -0.3  |  ε 0.607
Ep 999: return   -1.2  |  ε 0.607
Ep 1000: return   -0.3  |  ε 0.606
--- Logged checkpoint to W&B at episode 1000 ---
